2023/07/16 19:39:46 [notice] 1#1: using the "epoll" event method
2023/07/16 19:39:46 [notice] 1#1: nginx/1.25.1
2023/07/16 19:39:46 [notice] 1#1: built by gcc 12.2.0 (Debian 12.2.0-14) 
2023/07/16 19:39:46 [notice] 1#1: OS: Linux 5.15.49-linuxkit-pr
2023/07/16 19:39:46 [notice] 1#1: getrlimit(RLIMIT_NOFILE): 1048576:1048576
2023/07/16 19:39:46 [notice] 1#1: start worker processes
2023/07/16 19:39:46 [notice] 1#1: start worker process 22
2023/07/16 19:39:46 [notice] 1#1: start worker process 23
2023/07/16 19:39:46 [notice] 1#1: start worker process 24
2023/07/16 19:39:46 [notice] 1#1: start worker process 25
2023/07/16 19:39:46 [notice] 1#1: start worker process 26
2023/07/16 19:39:46 [notice] 1#1: start worker process 27
2023/07/16 19:39:46 [notice] 1#1: start worker process 28
2023/07/16 19:39:46 [notice] 1#1: start worker process 29
2023/07/16 19:39:46 [notice] 1#1: start worker process 30
2023/07/16 19:39:46 [notice] 1#1: start worker process 31
2023/07/16 19:39:46 [notice] 1#1: start worker process 32
2023/07/16 19:39:46 [notice] 1#1: start worker process 33
2023/07/16 19:39:46 [notice] 1#1: start worker process 34
2023/07/16 19:39:46 [notice] 1#1: start worker process 35
2023/07/16 19:39:46 [notice] 1#1: start worker process 36
2023/07/16 19:39:46 [notice] 1#1: start worker process 37
2023/07/16 19:40:02 [error] 22#22: *1 open() "/usr/share/nginx/html/favicon.ico" failed (2: No such file or directory), client: 10.10.10.1, server: localhost, request: "GET /favicon.ico HTTP/1.1", host: "localhost:8080", referrer: "http://localhost:8080/https://tuputamadre.es"
2023/07/16 19:40:03 [info] 22#22: *1 client 10.10.10.1 closed keepalive connection
2023/07/16 19:40:11 [error] 23#23: *2 open() "/usr/share/nginx/html/https:/domain.com" failed (2: No such file or directory), client: 10.10.10.1, server: localhost, request: "GET /https://domain.com HTTP/1.1", host: "localhost:8080"
2023/07/16 19:40:18 [error] 23#23: *2 open() "/usr/share/nginx/html/https:/domain.com/resource2" failed (2: No such file or directory), client: 10.10.10.1, server: localhost, request: "GET /https://domain.com/resource2 HTTP/1.1", host: "localhost:8080"
2023/07/16 19:40:20 [info] 23#23: *2 client 10.10.10.1 closed keepalive connection
